[0.739s] DEBUG:colcon:Command line arguments: ['/usr/bin/colcon', 'build']
[0.740s] DEBUG:colcon:Parsed command line arguments: Namespace(log_base=None, log_level=None, verb_name='build', build_base='build', install_base='install', merge_install=False, symlink_install=False, test_result_base=None, continue_on_error=False, executor='parallel', parallel_workers=4, event_handlers=None, ignore_user_meta=False, metas=['./colcon.meta'], base_paths=['.'], packages_ignore=None, packages_ignore_regex=None, paths=None, packages_up_to=None, packages_up_to_regex=None, packages_above=None, packages_above_and_dependencies=None, packages_above_depth=None, packages_select_by_dep=None, packages_skip_by_dep=None, packages_skip_up_to=None, packages_select_build_failed=False, packages_skip_build_finished=False, packages_select_test_failures=False, packages_skip_test_passed=False, packages_select=None, packages_skip=None, packages_select_regex=None, packages_skip_regex=None, packages_start=None, packages_end=None, allow_overriding=[], cmake_args=None, cmake_target=None, cmake_target_skip_unavailable=False, cmake_clean_cache=False, cmake_clean_first=False, cmake_force_configure=False, ament_cmake_args=None, catkin_cmake_args=None, catkin_skip_building_tests=False, verb_parser=<colcon_defaults.argument_parser.defaults.DefaultArgumentsDecorator object at 0xffff8f498af0>, verb_extension=<colcon_core.verb.build.BuildVerb object at 0xffff8f5d56f0>, main=<bound method BuildVerb.main of <colcon_core.verb.build.BuildVerb object at 0xffff8f5d56f0>>)
[2.390s] Level 1:colcon.colcon_core.package_discovery:discover_packages(colcon_meta) check parameters
[2.391s] Level 1:colcon.colcon_core.package_discovery:discover_packages(recursive) check parameters
[2.392s] Level 1:colcon.colcon_core.package_discovery:discover_packages(ignore) check parameters
[2.392s] Level 1:colcon.colcon_core.package_discovery:discover_packages(path) check parameters
[2.392s] Level 1:colcon.colcon_core.package_discovery:discover_packages(colcon_meta) discover
[2.393s] Level 1:colcon.colcon_core.package_discovery:discover_packages(recursive) discover
[2.393s] INFO:colcon.colcon_core.package_discovery:Crawling recursively for packages in '/home/mr_ray/ydlidar_ros2_driver-master'
[2.394s] Level 1:colcon.colcon_core.package_identification:_identify(.) by extensions ['ignore', 'ignore_ament_install']
[2.395s] Level 1:colcon.colcon_core.package_identification:_identify(.) by extension 'ignore'
[2.396s] Level 1:colcon.colcon_core.package_identification:_identify(.) by extension 'ignore_ament_install'
[2.397s] Level 1:colcon.colcon_core.package_identification:_identify(.) by extensions ['colcon_pkg']
[2.397s] Level 1:colcon.colcon_core.package_identification:_identify(.) by extension 'colcon_pkg'
[2.397s] Level 1:colcon.colcon_core.package_identification:_identify(.) by extensions ['colcon_meta']
[2.398s] Level 1:colcon.colcon_core.package_identification:_identify(.) by extension 'colcon_meta'
[2.398s] Level 1:colcon.colcon_core.package_identification:_identify(.) by extensions ['ros']
[2.399s] Level 1:colcon.colcon_core.package_identification:_identify(.) by extension 'ros'
[2.477s] DEBUG:colcon.colcon_core.package_identification:Package '.' with type 'ros.ament_cmake' and name 'ydlidar_ros2_driver'
[2.478s] Level 1:colcon.colcon_core.package_discovery:discover_packages(recursive) using defaults
[2.478s] Level 1:colcon.colcon_core.package_discovery:discover_packages(ignore) discover
[2.479s] Level 1:colcon.colcon_core.package_discovery:discover_packages(ignore) using defaults
[2.479s] Level 1:colcon.colcon_core.package_discovery:discover_packages(path) discover
[2.480s] Level 1:colcon.colcon_core.package_discovery:discover_packages(path) using defaults
[2.601s] Level 1:colcon.colcon_core.package_discovery:discover_packages(prefix_path) check parameters
[2.602s] Level 1:colcon.colcon_core.package_discovery:discover_packages(prefix_path) discover
[2.632s] DEBUG:colcon.colcon_installed_package_information.package_discovery:Found 319 installed packages in /opt/ros/humble
[2.708s] Level 1:colcon.colcon_core.package_discovery:discover_packages(prefix_path) using defaults
[3.176s] Level 5:colcon.colcon_core.verb:set package 'ydlidar_ros2_driver' build argument 'cmake_args' from command line to 'None'
[3.177s] Level 5:colcon.colcon_core.verb:set package 'ydlidar_ros2_driver' build argument 'cmake_target' from command line to 'None'
[3.177s] Level 5:colcon.colcon_core.verb:set package 'ydlidar_ros2_driver' build argument 'cmake_target_skip_unavailable' from command line to 'False'
[3.178s] Level 5:colcon.colcon_core.verb:set package 'ydlidar_ros2_driver' build argument 'cmake_clean_cache' from command line to 'False'
[3.178s] Level 5:colcon.colcon_core.verb:set package 'ydlidar_ros2_driver' build argument 'cmake_clean_first' from command line to 'False'
[3.179s] Level 5:colcon.colcon_core.verb:set package 'ydlidar_ros2_driver' build argument 'cmake_force_configure' from command line to 'False'
[3.179s] Level 5:colcon.colcon_core.verb:set package 'ydlidar_ros2_driver' build argument 'ament_cmake_args' from command line to 'None'
[3.179s] Level 5:colcon.colcon_core.verb:set package 'ydlidar_ros2_driver' build argument 'catkin_cmake_args' from command line to 'None'
[3.180s] Level 5:colcon.colcon_core.verb:set package 'ydlidar_ros2_driver' build argument 'catkin_skip_building_tests' from command line to 'False'
[3.180s] DEBUG:colcon.colcon_core.verb:Building package 'ydlidar_ros2_driver' with the following arguments: {'ament_cmake_args': None, 'build_base': '/home/mr_ray/ydlidar_ros2_driver-master/build/ydlidar_ros2_driver', 'catkin_cmake_args': None, 'catkin_skip_building_tests': False, 'cmake_args': None, 'cmake_clean_cache': False, 'cmake_clean_first': False, 'cmake_force_configure': False, 'cmake_target': None, 'cmake_target_skip_unavailable': False, 'install_base': '/home/mr_ray/ydlidar_ros2_driver-master/install/ydlidar_ros2_driver', 'merge_install': False, 'path': '/home/mr_ray/ydlidar_ros2_driver-master', 'symlink_install': False, 'test_result_base': None}
[3.181s] INFO:colcon.colcon_core.executor:Executing jobs using 'parallel' executor
[3.186s] DEBUG:colcon.colcon_parallel_executor.executor.parallel:run_until_complete
[3.188s] INFO:colcon.colcon_ros.task.ament_cmake.build:Building ROS package in '/home/mr_ray/ydlidar_ros2_driver-master' with build type 'ament_cmake'
[3.189s] INFO:colcon.colcon_cmake.task.cmake.build:Building CMake package in '/home/mr_ray/ydlidar_ros2_driver-master'
[3.204s] INFO:colcon.colcon_core.plugin_system:Skipping extension 'colcon_core.shell.bat': Not used on non-Windows systems
[3.206s] INFO:colcon.colcon_core.shell:Skip shell extension 'powershell' for command environment: Not usable outside of PowerShell
[3.206s] DEBUG:colcon.colcon_core.shell:Skip shell extension 'dsv' for command environment
[3.278s] DEBUG:colcon.colcon_core.event_handler.log_command:Invoking command in '/home/mr_ray/ydlidar_ros2_driver-master/build/ydlidar_ros2_driver': CMAKE_PREFIX_PATH=/opt/ros/humble /usr/bin/cmake --build /home/mr_ray/ydlidar_ros2_driver-master/build/ydlidar_ros2_driver -- -j4 -l4
[33.865s] DEBUG:colcon.colcon_core.event_handler.log_command:Invoked command in '/home/mr_ray/ydlidar_ros2_driver-master/build/ydlidar_ros2_driver' returned '0': CMAKE_PREFIX_PATH=/opt/ros/humble /usr/bin/cmake --build /home/mr_ray/ydlidar_ros2_driver-master/build/ydlidar_ros2_driver -- -j4 -l4
[34.058s] DEBUG:colcon.colcon_core.event_handler.log_command:Invoking command in '/home/mr_ray/ydlidar_ros2_driver-master/build/ydlidar_ros2_driver': CMAKE_PREFIX_PATH=/opt/ros/humble /usr/bin/cmake --install /home/mr_ray/ydlidar_ros2_driver-master/build/ydlidar_ros2_driver
[34.188s] Level 1:colcon.colcon_core.environment:create_environment_scripts_only(ydlidar_ros2_driver)
[34.201s] DEBUG:colcon.colcon_core.event_handler.log_command:Invoked command in '/home/mr_ray/ydlidar_ros2_driver-master/build/ydlidar_ros2_driver' returned '0': CMAKE_PREFIX_PATH=/opt/ros/humble /usr/bin/cmake --install /home/mr_ray/ydlidar_ros2_driver-master/build/ydlidar_ros2_driver
[34.213s] Level 1:colcon.colcon_core.environment:checking '/home/mr_ray/ydlidar_ros2_driver-master/install/ydlidar_ros2_driver' for CMake module files
[34.217s] Level 1:colcon.colcon_core.environment:checking '/home/mr_ray/ydlidar_ros2_driver-master/install/ydlidar_ros2_driver' for CMake config files
[34.221s] Level 1:colcon.colcon_core.shell:create_environment_hook('ydlidar_ros2_driver', 'cmake_prefix_path')
[34.222s] INFO:colcon.colcon_core.shell:Creating environment hook '/home/mr_ray/ydlidar_ros2_driver-master/install/ydlidar_ros2_driver/share/ydlidar_ros2_driver/hook/cmake_prefix_path.ps1'
[34.227s] INFO:colcon.colcon_core.shell:Creating environment descriptor '/home/mr_ray/ydlidar_ros2_driver-master/install/ydlidar_ros2_driver/share/ydlidar_ros2_driver/hook/cmake_prefix_path.dsv'
[34.230s] INFO:colcon.colcon_core.shell:Creating environment hook '/home/mr_ray/ydlidar_ros2_driver-master/install/ydlidar_ros2_driver/share/ydlidar_ros2_driver/hook/cmake_prefix_path.sh'
[34.235s] Level 1:colcon.colcon_core.environment:checking '/home/mr_ray/ydlidar_ros2_driver-master/install/ydlidar_ros2_driver/lib'
[34.236s] Level 1:colcon.colcon_core.environment:checking '/home/mr_ray/ydlidar_ros2_driver-master/install/ydlidar_ros2_driver/bin'
[34.236s] Level 1:colcon.colcon_core.environment:checking '/home/mr_ray/ydlidar_ros2_driver-master/install/ydlidar_ros2_driver/lib/pkgconfig/ydlidar_ros2_driver.pc'
[34.238s] Level 1:colcon.colcon_core.environment:checking '/home/mr_ray/ydlidar_ros2_driver-master/install/ydlidar_ros2_driver/lib/python3.10/site-packages'
[34.239s] Level 1:colcon.colcon_core.environment:checking '/home/mr_ray/ydlidar_ros2_driver-master/install/ydlidar_ros2_driver/bin'
[34.241s] INFO:colcon.colcon_core.shell:Creating package script '/home/mr_ray/ydlidar_ros2_driver-master/install/ydlidar_ros2_driver/share/ydlidar_ros2_driver/package.ps1'
[34.245s] INFO:colcon.colcon_core.shell:Creating package descriptor '/home/mr_ray/ydlidar_ros2_driver-master/install/ydlidar_ros2_driver/share/ydlidar_ros2_driver/package.dsv'
[34.249s] INFO:colcon.colcon_core.shell:Creating package script '/home/mr_ray/ydlidar_ros2_driver-master/install/ydlidar_ros2_driver/share/ydlidar_ros2_driver/package.sh'
[34.252s] INFO:colcon.colcon_core.shell:Creating package script '/home/mr_ray/ydlidar_ros2_driver-master/install/ydlidar_ros2_driver/share/ydlidar_ros2_driver/package.bash'
[34.256s] INFO:colcon.colcon_core.shell:Creating package script '/home/mr_ray/ydlidar_ros2_driver-master/install/ydlidar_ros2_driver/share/ydlidar_ros2_driver/package.zsh'
[34.260s] Level 1:colcon.colcon_core.environment:create_file_with_runtime_dependencies(/home/mr_ray/ydlidar_ros2_driver-master/install/ydlidar_ros2_driver/share/colcon-core/packages/ydlidar_ros2_driver)
[34.440s] Level 1:colcon.colcon_core.environment:create_environment_scripts_only(ydlidar_ros2_driver)
[34.442s] Level 1:colcon.colcon_core.environment:checking '/home/mr_ray/ydlidar_ros2_driver-master/install/ydlidar_ros2_driver' for CMake module files
[34.446s] Level 1:colcon.colcon_core.environment:checking '/home/mr_ray/ydlidar_ros2_driver-master/install/ydlidar_ros2_driver' for CMake config files
[34.452s] Level 1:colcon.colcon_core.shell:create_environment_hook('ydlidar_ros2_driver', 'cmake_prefix_path')
[34.454s] INFO:colcon.colcon_core.shell:Creating environment hook '/home/mr_ray/ydlidar_ros2_driver-master/install/ydlidar_ros2_driver/share/ydlidar_ros2_driver/hook/cmake_prefix_path.ps1'
[34.458s] INFO:colcon.colcon_core.shell:Creating environment descriptor '/home/mr_ray/ydlidar_ros2_driver-master/install/ydlidar_ros2_driver/share/ydlidar_ros2_driver/hook/cmake_prefix_path.dsv'
[34.461s] INFO:colcon.colcon_core.shell:Creating environment hook '/home/mr_ray/ydlidar_ros2_driver-master/install/ydlidar_ros2_driver/share/ydlidar_ros2_driver/hook/cmake_prefix_path.sh'
[34.466s] Level 1:colcon.colcon_core.environment:checking '/home/mr_ray/ydlidar_ros2_driver-master/install/ydlidar_ros2_driver/lib'
[34.467s] Level 1:colcon.colcon_core.environment:checking '/home/mr_ray/ydlidar_ros2_driver-master/install/ydlidar_ros2_driver/bin'
[34.468s] Level 1:colcon.colcon_core.environment:checking '/home/mr_ray/ydlidar_ros2_driver-master/install/ydlidar_ros2_driver/lib/pkgconfig/ydlidar_ros2_driver.pc'
[34.469s] Level 1:colcon.colcon_core.environment:checking '/home/mr_ray/ydlidar_ros2_driver-master/install/ydlidar_ros2_driver/lib/python3.10/site-packages'
[34.471s] Level 1:colcon.colcon_core.environment:checking '/home/mr_ray/ydlidar_ros2_driver-master/install/ydlidar_ros2_driver/bin'
[34.473s] INFO:colcon.colcon_core.shell:Creating package script '/home/mr_ray/ydlidar_ros2_driver-master/install/ydlidar_ros2_driver/share/ydlidar_ros2_driver/package.ps1'
[34.479s] INFO:colcon.colcon_core.shell:Creating package descriptor '/home/mr_ray/ydlidar_ros2_driver-master/install/ydlidar_ros2_driver/share/ydlidar_ros2_driver/package.dsv'
[34.483s] INFO:colcon.colcon_core.shell:Creating package script '/home/mr_ray/ydlidar_ros2_driver-master/install/ydlidar_ros2_driver/share/ydlidar_ros2_driver/package.sh'
[34.486s] INFO:colcon.colcon_core.shell:Creating package script '/home/mr_ray/ydlidar_ros2_driver-master/install/ydlidar_ros2_driver/share/ydlidar_ros2_driver/package.bash'
[34.490s] INFO:colcon.colcon_core.shell:Creating package script '/home/mr_ray/ydlidar_ros2_driver-master/install/ydlidar_ros2_driver/share/ydlidar_ros2_driver/package.zsh'
[34.493s] Level 1:colcon.colcon_core.environment:create_file_with_runtime_dependencies(/home/mr_ray/ydlidar_ros2_driver-master/install/ydlidar_ros2_driver/share/colcon-core/packages/ydlidar_ros2_driver)
[34.495s] DEBUG:colcon.colcon_parallel_executor.executor.parallel:closing loop
[34.496s] DEBUG:colcon.colcon_parallel_executor.executor.parallel:loop closed
[34.497s] DEBUG:colcon.colcon_parallel_executor.executor.parallel:run_until_complete finished with '0'
[34.498s] DEBUG:colcon.colcon_core.event_reactor:joining thread
[34.526s] INFO:colcon.colcon_core.plugin_system:Skipping extension 'colcon_notification.desktop_notification.terminal_notifier': Not used on non-Darwin systems
[34.527s] INFO:colcon.colcon_core.plugin_system:Skipping extension 'colcon_notification.desktop_notification.win32': Not used on non-Windows systems
[34.527s] INFO:colcon.colcon_notification.desktop_notification:Sending desktop notification using 'notify2'
[34.590s] DEBUG:colcon.colcon_core.event_reactor:joined thread
[34.591s] INFO:colcon.colcon_core.shell:Creating prefix script '/home/mr_ray/ydlidar_ros2_driver-master/install/local_setup.ps1'
[34.597s] INFO:colcon.colcon_core.shell:Creating prefix util module '/home/mr_ray/ydlidar_ros2_driver-master/install/_local_setup_util_ps1.py'
[34.603s] INFO:colcon.colcon_core.shell:Creating prefix chain script '/home/mr_ray/ydlidar_ros2_driver-master/install/setup.ps1'
[34.609s] INFO:colcon.colcon_core.shell:Creating prefix script '/home/mr_ray/ydlidar_ros2_driver-master/install/local_setup.sh'
[34.614s] INFO:colcon.colcon_core.shell:Creating prefix util module '/home/mr_ray/ydlidar_ros2_driver-master/install/_local_setup_util_sh.py'
[34.618s] INFO:colcon.colcon_core.shell:Creating prefix chain script '/home/mr_ray/ydlidar_ros2_driver-master/install/setup.sh'
[34.624s] INFO:colcon.colcon_core.shell:Creating prefix script '/home/mr_ray/ydlidar_ros2_driver-master/install/local_setup.bash'
[34.628s] INFO:colcon.colcon_core.shell:Creating prefix chain script '/home/mr_ray/ydlidar_ros2_driver-master/install/setup.bash'
[34.634s] INFO:colcon.colcon_core.shell:Creating prefix script '/home/mr_ray/ydlidar_ros2_driver-master/install/local_setup.zsh'
[34.638s] INFO:colcon.colcon_core.shell:Creating prefix chain script '/home/mr_ray/ydlidar_ros2_driver-master/install/setup.zsh'
