[1.225s] DEBUG:colcon:Command line arguments: ['/usr/bin/colcon', 'build']
[1.225s] DEBUG:colcon:Parsed command line arguments: Namespace(log_base=None, log_level=None, verb_name='build', build_base='build', install_base='install', merge_install=False, symlink_install=False, test_result_base=None, continue_on_error=False, executor='parallel', parallel_workers=4, event_handlers=None, ignore_user_meta=False, metas=['./colcon.meta'], base_paths=['.'], packages_ignore=None, packages_ignore_regex=None, paths=None, packages_up_to=None, packages_up_to_regex=None, packages_above=None, packages_above_and_dependencies=None, packages_above_depth=None, packages_select_by_dep=None, packages_skip_by_dep=None, packages_skip_up_to=None, packages_select_build_failed=False, packages_skip_build_finished=False, packages_select_test_failures=False, packages_skip_test_passed=False, packages_select=None, packages_skip=None, packages_select_regex=None, packages_skip_regex=None, packages_start=None, packages_end=None, allow_overriding=[], cmake_args=None, cmake_target=None, cmake_target_skip_unavailable=False, cmake_clean_cache=False, cmake_clean_first=False, cmake_force_configure=False, ament_cmake_args=None, catkin_cmake_args=None, catkin_skip_building_tests=False, verb_parser=<colcon_defaults.argument_parser.defaults.DefaultArgumentsDecorator object at 0xffff87a74af0>, verb_extension=<colcon_core.verb.build.BuildVerb object at 0xffff87bb56f0>, main=<bound method BuildVerb.main of <colcon_core.verb.build.BuildVerb object at 0xffff87bb56f0>>)
[2.762s] Level 1:colcon.colcon_core.package_discovery:discover_packages(colcon_meta) check parameters
[2.762s] Level 1:colcon.colcon_core.package_discovery:discover_packages(recursive) check parameters
[2.763s] Level 1:colcon.colcon_core.package_discovery:discover_packages(ignore) check parameters
[2.763s] Level 1:colcon.colcon_core.package_discovery:discover_packages(path) check parameters
[2.763s] Level 1:colcon.colcon_core.package_discovery:discover_packages(colcon_meta) discover
[2.763s] Level 1:colcon.colcon_core.package_discovery:discover_packages(recursive) discover
[2.764s] INFO:colcon.colcon_core.package_discovery:Crawling recursively for packages in '/home/mr_ray/ydlidar_ros2_driver-master'
[2.764s] Level 1:colcon.colcon_core.package_identification:_identify(.) by extensions ['ignore', 'ignore_ament_install']
[2.765s] Level 1:colcon.colcon_core.package_identification:_identify(.) by extension 'ignore'
[2.765s] Level 1:colcon.colcon_core.package_identification:_identify(.) by extension 'ignore_ament_install'
[2.766s] Level 1:colcon.colcon_core.package_identification:_identify(.) by extensions ['colcon_pkg']
[2.766s] Level 1:colcon.colcon_core.package_identification:_identify(.) by extension 'colcon_pkg'
[2.766s] Level 1:colcon.colcon_core.package_identification:_identify(.) by extensions ['colcon_meta']
[2.766s] Level 1:colcon.colcon_core.package_identification:_identify(.) by extension 'colcon_meta'
[2.767s] Level 1:colcon.colcon_core.package_identification:_identify(.) by extensions ['ros']
[2.767s] Level 1:colcon.colcon_core.package_identification:_identify(.) by extension 'ros'
[2.839s] DEBUG:colcon.colcon_core.package_identification:Package '.' with type 'ros.ament_cmake' and name 'ydlidar_ros2_driver'
[2.839s] Level 1:colcon.colcon_core.package_discovery:discover_packages(recursive) using defaults
[2.839s] Level 1:colcon.colcon_core.package_discovery:discover_packages(ignore) discover
[2.839s] Level 1:colcon.colcon_core.package_discovery:discover_packages(ignore) using defaults
[2.840s] Level 1:colcon.colcon_core.package_discovery:discover_packages(path) discover
[2.840s] Level 1:colcon.colcon_core.package_discovery:discover_packages(path) using defaults
[2.973s] Level 1:colcon.colcon_core.package_discovery:discover_packages(prefix_path) check parameters
[2.973s] Level 1:colcon.colcon_core.package_discovery:discover_packages(prefix_path) discover
[3.003s] DEBUG:colcon.colcon_installed_package_information.package_discovery:Found 319 installed packages in /opt/ros/humble
[3.052s] Level 1:colcon.colcon_core.package_discovery:discover_packages(prefix_path) using defaults
[3.309s] Level 5:colcon.colcon_core.verb:set package 'ydlidar_ros2_driver' build argument 'cmake_args' from command line to 'None'
[3.309s] Level 5:colcon.colcon_core.verb:set package 'ydlidar_ros2_driver' build argument 'cmake_target' from command line to 'None'
[3.310s] Level 5:colcon.colcon_core.verb:set package 'ydlidar_ros2_driver' build argument 'cmake_target_skip_unavailable' from command line to 'False'
[3.310s] Level 5:colcon.colcon_core.verb:set package 'ydlidar_ros2_driver' build argument 'cmake_clean_cache' from command line to 'False'
[3.310s] Level 5:colcon.colcon_core.verb:set package 'ydlidar_ros2_driver' build argument 'cmake_clean_first' from command line to 'False'
[3.310s] Level 5:colcon.colcon_core.verb:set package 'ydlidar_ros2_driver' build argument 'cmake_force_configure' from command line to 'False'
[3.310s] Level 5:colcon.colcon_core.verb:set package 'ydlidar_ros2_driver' build argument 'ament_cmake_args' from command line to 'None'
[3.310s] Level 5:colcon.colcon_core.verb:set package 'ydlidar_ros2_driver' build argument 'catkin_cmake_args' from command line to 'None'
[3.310s] Level 5:colcon.colcon_core.verb:set package 'ydlidar_ros2_driver' build argument 'catkin_skip_building_tests' from command line to 'False'
[3.311s] DEBUG:colcon.colcon_core.verb:Building package 'ydlidar_ros2_driver' with the following arguments: {'ament_cmake_args': None, 'build_base': '/home/mr_ray/ydlidar_ros2_driver-master/build/ydlidar_ros2_driver', 'catkin_cmake_args': None, 'catkin_skip_building_tests': False, 'cmake_args': None, 'cmake_clean_cache': False, 'cmake_clean_first': False, 'cmake_force_configure': False, 'cmake_target': None, 'cmake_target_skip_unavailable': False, 'install_base': '/home/mr_ray/ydlidar_ros2_driver-master/install/ydlidar_ros2_driver', 'merge_install': False, 'path': '/home/mr_ray/ydlidar_ros2_driver-master', 'symlink_install': False, 'test_result_base': None}
[3.311s] INFO:colcon.colcon_core.executor:Executing jobs using 'parallel' executor
[3.315s] DEBUG:colcon.colcon_parallel_executor.executor.parallel:run_until_complete
[3.317s] INFO:colcon.colcon_ros.task.ament_cmake.build:Building ROS package in '/home/mr_ray/ydlidar_ros2_driver-master' with build type 'ament_cmake'
[3.318s] INFO:colcon.colcon_cmake.task.cmake.build:Building CMake package in '/home/mr_ray/ydlidar_ros2_driver-master'
[3.342s] INFO:colcon.colcon_core.plugin_system:Skipping extension 'colcon_core.shell.bat': Not used on non-Windows systems
[3.343s] INFO:colcon.colcon_core.shell:Skip shell extension 'powershell' for command environment: Not usable outside of PowerShell
[3.344s] DEBUG:colcon.colcon_core.shell:Skip shell extension 'dsv' for command environment
[3.385s] DEBUG:colcon.colcon_core.event_handler.log_command:Invoking command in '/home/mr_ray/ydlidar_ros2_driver-master/build/ydlidar_ros2_driver': CMAKE_PREFIX_PATH=/opt/ros/humble /usr/bin/cmake /home/mr_ray/ydlidar_ros2_driver-master -DCMAKE_INSTALL_PREFIX=/home/mr_ray/ydlidar_ros2_driver-master/install/ydlidar_ros2_driver
[14.210s] DEBUG:colcon.colcon_core.event_handler.log_command:Invoked command in '/home/mr_ray/ydlidar_ros2_driver-master/build/ydlidar_ros2_driver' returned '0': CMAKE_PREFIX_PATH=/opt/ros/humble /usr/bin/cmake /home/mr_ray/ydlidar_ros2_driver-master -DCMAKE_INSTALL_PREFIX=/home/mr_ray/ydlidar_ros2_driver-master/install/ydlidar_ros2_driver
[14.222s] DEBUG:colcon.colcon_core.event_handler.log_command:Invoking command in '/home/mr_ray/ydlidar_ros2_driver-master/build/ydlidar_ros2_driver': CMAKE_PREFIX_PATH=/opt/ros/humble /usr/bin/cmake --build /home/mr_ray/ydlidar_ros2_driver-master/build/ydlidar_ros2_driver -- -j4 -l4
[63.122s] DEBUG:colcon.colcon_core.event_handler.log_command:Invoked command in '/home/mr_ray/ydlidar_ros2_driver-master/build/ydlidar_ros2_driver' returned '2': CMAKE_PREFIX_PATH=/opt/ros/humble /usr/bin/cmake --build /home/mr_ray/ydlidar_ros2_driver-master/build/ydlidar_ros2_driver -- -j4 -l4
[63.258s] Level 1:colcon.colcon_core.environment:create_environment_scripts_only(ydlidar_ros2_driver)
[63.288s] Level 1:colcon.colcon_core.environment:checking '/home/mr_ray/ydlidar_ros2_driver-master/install/ydlidar_ros2_driver' for CMake module files
[63.290s] Level 1:colcon.colcon_core.environment:checking '/home/mr_ray/ydlidar_ros2_driver-master/install/ydlidar_ros2_driver' for CMake config files
[63.291s] Level 1:colcon.colcon_core.environment:checking '/home/mr_ray/ydlidar_ros2_driver-master/install/ydlidar_ros2_driver/bin'
[63.292s] Level 1:colcon.colcon_core.environment:checking '/home/mr_ray/ydlidar_ros2_driver-master/install/ydlidar_ros2_driver/lib/pkgconfig/ydlidar_ros2_driver.pc'
[63.293s] Level 1:colcon.colcon_core.environment:checking '/home/mr_ray/ydlidar_ros2_driver-master/install/ydlidar_ros2_driver/lib/python3.10/site-packages'
[63.295s] Level 1:colcon.colcon_core.environment:checking '/home/mr_ray/ydlidar_ros2_driver-master/install/ydlidar_ros2_driver/bin'
[63.296s] INFO:colcon.colcon_core.shell:Creating package script '/home/mr_ray/ydlidar_ros2_driver-master/install/ydlidar_ros2_driver/share/ydlidar_ros2_driver/package.ps1'
[63.302s] INFO:colcon.colcon_core.shell:Creating package descriptor '/home/mr_ray/ydlidar_ros2_driver-master/install/ydlidar_ros2_driver/share/ydlidar_ros2_driver/package.dsv'
[63.305s] INFO:colcon.colcon_core.shell:Creating package script '/home/mr_ray/ydlidar_ros2_driver-master/install/ydlidar_ros2_driver/share/ydlidar_ros2_driver/package.sh'
[63.310s] INFO:colcon.colcon_core.shell:Creating package script '/home/mr_ray/ydlidar_ros2_driver-master/install/ydlidar_ros2_driver/share/ydlidar_ros2_driver/package.bash'
[63.315s] INFO:colcon.colcon_core.shell:Creating package script '/home/mr_ray/ydlidar_ros2_driver-master/install/ydlidar_ros2_driver/share/ydlidar_ros2_driver/package.zsh'
[63.320s] Level 1:colcon.colcon_core.environment:create_file_with_runtime_dependencies(/home/mr_ray/ydlidar_ros2_driver-master/install/ydlidar_ros2_driver/share/colcon-core/packages/ydlidar_ros2_driver)
[63.332s] DEBUG:colcon.colcon_parallel_executor.executor.parallel:closing loop
[63.332s] DEBUG:colcon.colcon_parallel_executor.executor.parallel:loop closed
[63.333s] DEBUG:colcon.colcon_parallel_executor.executor.parallel:run_until_complete finished with '2'
[63.333s] DEBUG:colcon.colcon_core.event_reactor:joining thread
[63.364s] INFO:colcon.colcon_core.plugin_system:Skipping extension 'colcon_notification.desktop_notification.terminal_notifier': Not used on non-Darwin systems
[63.365s] INFO:colcon.colcon_core.plugin_system:Skipping extension 'colcon_notification.desktop_notification.win32': Not used on non-Windows systems
[63.365s] INFO:colcon.colcon_notification.desktop_notification:Sending desktop notification using 'notify2'
[63.514s] DEBUG:colcon.colcon_core.event_reactor:joined thread
[63.516s] INFO:colcon.colcon_core.shell:Creating prefix script '/home/mr_ray/ydlidar_ros2_driver-master/install/local_setup.ps1'
[63.523s] INFO:colcon.colcon_core.shell:Creating prefix util module '/home/mr_ray/ydlidar_ros2_driver-master/install/_local_setup_util_ps1.py'
[63.531s] INFO:colcon.colcon_core.shell:Creating prefix chain script '/home/mr_ray/ydlidar_ros2_driver-master/install/setup.ps1'
[63.537s] INFO:colcon.colcon_core.shell:Creating prefix script '/home/mr_ray/ydlidar_ros2_driver-master/install/local_setup.sh'
[63.542s] INFO:colcon.colcon_core.shell:Creating prefix util module '/home/mr_ray/ydlidar_ros2_driver-master/install/_local_setup_util_sh.py'
[63.563s] INFO:colcon.colcon_core.shell:Creating prefix chain script '/home/mr_ray/ydlidar_ros2_driver-master/install/setup.sh'
[63.582s] INFO:colcon.colcon_core.shell:Creating prefix script '/home/mr_ray/ydlidar_ros2_driver-master/install/local_setup.bash'
[63.590s] INFO:colcon.colcon_core.shell:Creating prefix chain script '/home/mr_ray/ydlidar_ros2_driver-master/install/setup.bash'
[63.597s] INFO:colcon.colcon_core.shell:Creating prefix script '/home/mr_ray/ydlidar_ros2_driver-master/install/local_setup.zsh'
[63.602s] INFO:colcon.colcon_core.shell:Creating prefix chain script '/home/mr_ray/ydlidar_ros2_driver-master/install/setup.zsh'
